DEBUG - 2025-11-17 16:05:49 --> Session: Class initialized using 'CodeIgniter\Session\Handlers\FileHandler' driver.
DEBUG - 2025-11-17 16:08:15 --> Session: Class initialized using 'CodeIgniter\Session\Handlers\FileHandler' driver.
DEBUG - 2025-11-17 16:10:26 --> Session: Class initialized using 'CodeIgniter\Session\Handlers\FileHandler' driver.
ERROR - 2025-11-17 16:10:38 --> Error connecting to the database: mysqli_sql_exception: No connection could be made because the target machine actively refused it in C:\Users\mumpu\IdeaProjects\PemrogramanPerangkatBergerak\LangkahPeduliNew\system\Database\MySQLi\Connection.php:201
Stack trace:
#0 C:\Users\mumpu\IdeaProjects\PemrogramanPerangkatBergerak\LangkahPeduliNew\system\Database\MySQLi\Connection.php(201): mysqli->real_connect('localhost', 'root', Object(SensitiveParameterValue), 'newlangkah', 3306, '', 0)
#1 C:\Users\mumpu\IdeaProjects\PemrogramanPerangkatBergerak\LangkahPeduliNew\system\Database\BaseConnection.php(419): CodeIgniter\Database\MySQLi\Connection->connect(false)
#2 C:\Users\mumpu\IdeaProjects\PemrogramanPerangkatBergerak\LangkahPeduliNew\system\Database\BaseConnection.php(614): CodeIgniter\Database\BaseConnection->initialize()
#3 C:\Users\mumpu\IdeaProjects\PemrogramanPerangkatBergerak\LangkahPeduliNew\system\Database\BaseBuilder.php(1649): CodeIgniter\Database\BaseConnection->query('SELECT *\nFROM `...', Array, false)
#4 C:\Users\mumpu\IdeaProjects\PemrogramanPerangkatBergerak\LangkahPeduliNew\system\Model.php(330): CodeIgniter\Database\BaseBuilder->get()
#5 C:\Users\mumpu\IdeaProjects\PemrogramanPerangkatBergerak\LangkahPeduliNew\system\BaseModel.php(715): CodeIgniter\Model->doFirst()
#6 C:\Users\mumpu\IdeaProjects\PemrogramanPerangkatBergerak\LangkahPeduliNew\app\Controllers\Auth.php(65): CodeIgniter\BaseModel->first()
#7 C:\Users\mumpu\IdeaProjects\PemrogramanPerangkatBergerak\LangkahPeduliNew\system\CodeIgniter.php(933): App\Controllers\Auth->processLogin()
#8 C:\Users\mumpu\IdeaProjects\PemrogramanPerangkatBergerak\LangkahPeduliNew\system\CodeIgniter.php(507): CodeIgniter\CodeIgniter->runController(Object(App\Controllers\Auth))
#9 C:\Users\mumpu\IdeaProjects\PemrogramanPerangkatBergerak\LangkahPeduliNew\system\CodeIgniter.php(354): CodeIgniter\CodeIgniter->handleRequest(NULL, Object(Config\Cache), false)
#10 C:\Users\mumpu\IdeaProjects\PemrogramanPerangkatBergerak\LangkahPeduliNew\system\Boot.php(363): CodeIgniter\CodeIgniter->run()
#11 C:\Users\mumpu\IdeaProjects\PemrogramanPerangkatBergerak\LangkahPeduliNew\system\Boot.php(68): CodeIgniter\Boot::runCodeIgniter(Object(CodeIgniter\CodeIgniter))
#12 C:\Users\mumpu\IdeaProjects\PemrogramanPerangkatBergerak\LangkahPeduliNew\public\index.php(59): CodeIgniter\Boot::bootWeb(Object(Config\Paths))
#13 C:\Users\mumpu\IdeaProjects\PemrogramanPerangkatBergerak\LangkahPeduliNew\system\rewrite.php(44): require_once('C:\\Users\\mumpu\\...')
#14 {main}

Next CodeIgniter\Database\Exceptions\DatabaseException: No connection could be made because the target machine actively refused it in C:\Users\mumpu\IdeaProjects\PemrogramanPerangkatBergerak\LangkahPeduliNew\system\Database\MySQLi\Connection.php:246
Stack trace:
#0 C:\Users\mumpu\IdeaProjects\PemrogramanPerangkatBergerak\LangkahPeduliNew\system\Database\BaseConnection.php(419): CodeIgniter\Database\MySQLi\Connection->connect(false)
#1 C:\Users\mumpu\IdeaProjects\PemrogramanPerangkatBergerak\LangkahPeduliNew\system\Database\BaseConnection.php(614): CodeIgniter\Database\BaseConnection->initialize()
#2 C:\Users\mumpu\IdeaProjects\PemrogramanPerangkatBergerak\LangkahPeduliNew\system\Database\BaseBuilder.php(1649): CodeIgniter\Database\BaseConnection->query('SELECT *\nFROM `...', Array, false)
#3 C:\Users\mumpu\IdeaProjects\PemrogramanPerangkatBergerak\LangkahPeduliNew\system\Model.php(330): CodeIgniter\Database\BaseBuilder->get()
#4 C:\Users\mumpu\IdeaProjects\PemrogramanPerangkatBergerak\LangkahPeduliNew\system\BaseModel.php(715): CodeIgniter\Model->doFirst()
#5 C:\Users\mumpu\IdeaProjects\PemrogramanPerangkatBergerak\LangkahPeduliNew\app\Controllers\Auth.php(65): CodeIgniter\BaseModel->first()
#6 C:\Users\mumpu\IdeaProjects\PemrogramanPerangkatBergerak\LangkahPeduliNew\system\CodeIgniter.php(933): App\Controllers\Auth->processLogin()
#7 C:\Users\mumpu\IdeaProjects\PemrogramanPerangkatBergerak\LangkahPeduliNew\system\CodeIgniter.php(507): CodeIgniter\CodeIgniter->runController(Object(App\Controllers\Auth))
#8 C:\Users\mumpu\IdeaProjects\PemrogramanPerangkatBergerak\LangkahPeduliNew\system\CodeIgniter.php(354): CodeIgniter\CodeIgniter->handleRequest(NULL, Object(Config\Cache), false)
#9 C:\Users\mumpu\IdeaProjects\PemrogramanPerangkatBergerak\LangkahPeduliNew\system\Boot.php(363): CodeIgniter\CodeIgniter->run()
#10 C:\Users\mumpu\IdeaProjects\PemrogramanPerangkatBergerak\LangkahPeduliNew\system\Boot.php(68): CodeIgniter\Boot::runCodeIgniter(Object(CodeIgniter\CodeIgniter))
#11 C:\Users\mumpu\IdeaProjects\PemrogramanPerangkatBergerak\LangkahPeduliNew\public\index.php(59): CodeIgniter\Boot::bootWeb(Object(Config\Paths))
#12 C:\Users\mumpu\IdeaProjects\PemrogramanPerangkatBergerak\LangkahPeduliNew\system\rewrite.php(44): require_once('C:\\Users\\mumpu\\...')
#13 {main}
CRITICAL - 2025-11-17 16:10:38 --> CodeIgniter\Database\Exceptions\DatabaseException: Unable to connect to the database.
Main connection [MySQLi]: No connection could be made because the target machine actively refused it
[Method: POST, Route: login/process]
in SYSTEMPATH\Database\BaseConnection.php on line 465.
 1 SYSTEMPATH\Database\BaseConnection.php(614): CodeIgniter\Database\BaseConnection->initialize()
 2 SYSTEMPATH\Database\BaseBuilder.php(1649): CodeIgniter\Database\BaseConnection->query('SELECT *
FROM `users`
WHERE `username` = :username:
OR `email` = :email:
 LIMIT 1', [...], false)
 3 SYSTEMPATH\Model.php(330): CodeIgniter\Database\BaseBuilder->get()
 4 SYSTEMPATH\BaseModel.php(715): CodeIgniter\Model->doFirst()
 5 APPPATH\Controllers\Auth.php(65): CodeIgniter\BaseModel->first()
 6 SYSTEMPATH\CodeIgniter.php(933): App\Controllers\Auth->processLogin()
 7 SYSTEMPATH\CodeIgniter.php(507): CodeIgniter\CodeIgniter->runController(Object(App\Controllers\Auth))
 8 SYSTEMPATH\CodeIgniter.php(354): CodeIgniter\CodeIgniter->handleRequest(null, Object(Config\Cache), false)
 9 SYSTEMPATH\Boot.php(363): CodeIgniter\CodeIgniter->run()
10 SYSTEMPATH\Boot.php(68): CodeIgniter\Boot::runCodeIgniter(Object(CodeIgniter\CodeIgniter))
11 FCPATH\index.php(59): CodeIgniter\Boot::bootWeb(Object(Config\Paths))
12 SYSTEMPATH\rewrite.php(44): require_once('C:\\Users\\mumpu\\IdeaProjects\\PemrogramanPerangkatBergerak\\LangkahPeduliNew\\public\\index.php')
ERROR - 2025-11-17 16:10:42 --> Error connecting to the database: mysqli_sql_exception: No connection could be made because the target machine actively refused it in C:\Users\mumpu\IdeaProjects\PemrogramanPerangkatBergerak\LangkahPeduliNew\system\Database\MySQLi\Connection.php:201
Stack trace:
#0 C:\Users\mumpu\IdeaProjects\PemrogramanPerangkatBergerak\LangkahPeduliNew\system\Database\MySQLi\Connection.php(201): mysqli->real_connect('localhost', 'root', Object(SensitiveParameterValue), 'newlangkah', 3306, '', 0)
#1 C:\Users\mumpu\IdeaProjects\PemrogramanPerangkatBergerak\LangkahPeduliNew\system\Database\BaseConnection.php(419): CodeIgniter\Database\MySQLi\Connection->connect(false)
#2 C:\Users\mumpu\IdeaProjects\PemrogramanPerangkatBergerak\LangkahPeduliNew\system\Database\BaseConnection.php(614): CodeIgniter\Database\BaseConnection->initialize()
#3 C:\Users\mumpu\IdeaProjects\PemrogramanPerangkatBergerak\LangkahPeduliNew\system\Database\BaseBuilder.php(1649): CodeIgniter\Database\BaseConnection->query('SELECT *\nFROM `...', Array, false)
#4 C:\Users\mumpu\IdeaProjects\PemrogramanPerangkatBergerak\LangkahPeduliNew\system\Model.php(330): CodeIgniter\Database\BaseBuilder->get()
#5 C:\Users\mumpu\IdeaProjects\PemrogramanPerangkatBergerak\LangkahPeduliNew\system\BaseModel.php(715): CodeIgniter\Model->doFirst()
#6 C:\Users\mumpu\IdeaProjects\PemrogramanPerangkatBergerak\LangkahPeduliNew\app\Controllers\Auth.php(65): CodeIgniter\BaseModel->first()
#7 C:\Users\mumpu\IdeaProjects\PemrogramanPerangkatBergerak\LangkahPeduliNew\system\CodeIgniter.php(933): App\Controllers\Auth->processLogin()
#8 C:\Users\mumpu\IdeaProjects\PemrogramanPerangkatBergerak\LangkahPeduliNew\system\CodeIgniter.php(507): CodeIgniter\CodeIgniter->runController(Object(App\Controllers\Auth))
#9 C:\Users\mumpu\IdeaProjects\PemrogramanPerangkatBergerak\LangkahPeduliNew\system\CodeIgniter.php(354): CodeIgniter\CodeIgniter->handleRequest(NULL, Object(Config\Cache), false)
#10 C:\Users\mumpu\IdeaProjects\PemrogramanPerangkatBergerak\LangkahPeduliNew\system\Boot.php(363): CodeIgniter\CodeIgniter->run()
#11 C:\Users\mumpu\IdeaProjects\PemrogramanPerangkatBergerak\LangkahPeduliNew\system\Boot.php(68): CodeIgniter\Boot::runCodeIgniter(Object(CodeIgniter\CodeIgniter))
#12 C:\Users\mumpu\IdeaProjects\PemrogramanPerangkatBergerak\LangkahPeduliNew\public\index.php(59): CodeIgniter\Boot::bootWeb(Object(Config\Paths))
#13 C:\Users\mumpu\IdeaProjects\PemrogramanPerangkatBergerak\LangkahPeduliNew\system\rewrite.php(44): require_once('C:\\Users\\mumpu\\...')
#14 {main}

Next CodeIgniter\Database\Exceptions\DatabaseException: No connection could be made because the target machine actively refused it in C:\Users\mumpu\IdeaProjects\PemrogramanPerangkatBergerak\LangkahPeduliNew\system\Database\MySQLi\Connection.php:246
Stack trace:
#0 C:\Users\mumpu\IdeaProjects\PemrogramanPerangkatBergerak\LangkahPeduliNew\system\Database\BaseConnection.php(419): CodeIgniter\Database\MySQLi\Connection->connect(false)
#1 C:\Users\mumpu\IdeaProjects\PemrogramanPerangkatBergerak\LangkahPeduliNew\system\Database\BaseConnection.php(614): CodeIgniter\Database\BaseConnection->initialize()
#2 C:\Users\mumpu\IdeaProjects\PemrogramanPerangkatBergerak\LangkahPeduliNew\system\Database\BaseBuilder.php(1649): CodeIgniter\Database\BaseConnection->query('SELECT *\nFROM `...', Array, false)
#3 C:\Users\mumpu\IdeaProjects\PemrogramanPerangkatBergerak\LangkahPeduliNew\system\Model.php(330): CodeIgniter\Database\BaseBuilder->get()
#4 C:\Users\mumpu\IdeaProjects\PemrogramanPerangkatBergerak\LangkahPeduliNew\system\BaseModel.php(715): CodeIgniter\Model->doFirst()
#5 C:\Users\mumpu\IdeaProjects\PemrogramanPerangkatBergerak\LangkahPeduliNew\app\Controllers\Auth.php(65): CodeIgniter\BaseModel->first()
#6 C:\Users\mumpu\IdeaProjects\PemrogramanPerangkatBergerak\LangkahPeduliNew\system\CodeIgniter.php(933): App\Controllers\Auth->processLogin()
#7 C:\Users\mumpu\IdeaProjects\PemrogramanPerangkatBergerak\LangkahPeduliNew\system\CodeIgniter.php(507): CodeIgniter\CodeIgniter->runController(Object(App\Controllers\Auth))
#8 C:\Users\mumpu\IdeaProjects\PemrogramanPerangkatBergerak\LangkahPeduliNew\system\CodeIgniter.php(354): CodeIgniter\CodeIgniter->handleRequest(NULL, Object(Config\Cache), false)
#9 C:\Users\mumpu\IdeaProjects\PemrogramanPerangkatBergerak\LangkahPeduliNew\system\Boot.php(363): CodeIgniter\CodeIgniter->run()
#10 C:\Users\mumpu\IdeaProjects\PemrogramanPerangkatBergerak\LangkahPeduliNew\system\Boot.php(68): CodeIgniter\Boot::runCodeIgniter(Object(CodeIgniter\CodeIgniter))
#11 C:\Users\mumpu\IdeaProjects\PemrogramanPerangkatBergerak\LangkahPeduliNew\public\index.php(59): CodeIgniter\Boot::bootWeb(Object(Config\Paths))
#12 C:\Users\mumpu\IdeaProjects\PemrogramanPerangkatBergerak\LangkahPeduliNew\system\rewrite.php(44): require_once('C:\\Users\\mumpu\\...')
#13 {main}
CRITICAL - 2025-11-17 16:10:42 --> CodeIgniter\Database\Exceptions\DatabaseException: Unable to connect to the database.
Main connection [MySQLi]: No connection could be made because the target machine actively refused it
[Method: POST, Route: login/process]
in SYSTEMPATH\Database\BaseConnection.php on line 465.
 1 SYSTEMPATH\Database\BaseConnection.php(614): CodeIgniter\Database\BaseConnection->initialize()
 2 SYSTEMPATH\Database\BaseBuilder.php(1649): CodeIgniter\Database\BaseConnection->query('SELECT *
FROM `users`
WHERE `username` = :username:
OR `email` = :email:
 LIMIT 1', [...], false)
 3 SYSTEMPATH\Model.php(330): CodeIgniter\Database\BaseBuilder->get()
 4 SYSTEMPATH\BaseModel.php(715): CodeIgniter\Model->doFirst()
 5 APPPATH\Controllers\Auth.php(65): CodeIgniter\BaseModel->first()
 6 SYSTEMPATH\CodeIgniter.php(933): App\Controllers\Auth->processLogin()
 7 SYSTEMPATH\CodeIgniter.php(507): CodeIgniter\CodeIgniter->runController(Object(App\Controllers\Auth))
 8 SYSTEMPATH\CodeIgniter.php(354): CodeIgniter\CodeIgniter->handleRequest(null, Object(Config\Cache), false)
 9 SYSTEMPATH\Boot.php(363): CodeIgniter\CodeIgniter->run()
10 SYSTEMPATH\Boot.php(68): CodeIgniter\Boot::runCodeIgniter(Object(CodeIgniter\CodeIgniter))
11 FCPATH\index.php(59): CodeIgniter\Boot::bootWeb(Object(Config\Paths))
12 SYSTEMPATH\rewrite.php(44): require_once('C:\\Users\\mumpu\\IdeaProjects\\PemrogramanPerangkatBergerak\\LangkahPeduliNew\\public\\index.php')
ERROR - 2025-11-17 16:10:46 --> Error connecting to the database: mysqli_sql_exception: No connection could be made because the target machine actively refused it in C:\Users\mumpu\IdeaProjects\PemrogramanPerangkatBergerak\LangkahPeduliNew\system\Database\MySQLi\Connection.php:201
Stack trace:
#0 C:\Users\mumpu\IdeaProjects\PemrogramanPerangkatBergerak\LangkahPeduliNew\system\Database\MySQLi\Connection.php(201): mysqli->real_connect('localhost', 'root', Object(SensitiveParameterValue), 'newlangkah', 3306, '', 0)
#1 C:\Users\mumpu\IdeaProjects\PemrogramanPerangkatBergerak\LangkahPeduliNew\system\Database\BaseConnection.php(419): CodeIgniter\Database\MySQLi\Connection->connect(false)
#2 C:\Users\mumpu\IdeaProjects\PemrogramanPerangkatBergerak\LangkahPeduliNew\system\Database\BaseConnection.php(614): CodeIgniter\Database\BaseConnection->initialize()
#3 C:\Users\mumpu\IdeaProjects\PemrogramanPerangkatBergerak\LangkahPeduliNew\system\Database\BaseBuilder.php(1649): CodeIgniter\Database\BaseConnection->query('SELECT *\nFROM `...', Array, false)
#4 C:\Users\mumpu\IdeaProjects\PemrogramanPerangkatBergerak\LangkahPeduliNew\system\Model.php(330): CodeIgniter\Database\BaseBuilder->get()
#5 C:\Users\mumpu\IdeaProjects\PemrogramanPerangkatBergerak\LangkahPeduliNew\system\BaseModel.php(715): CodeIgniter\Model->doFirst()
#6 C:\Users\mumpu\IdeaProjects\PemrogramanPerangkatBergerak\LangkahPeduliNew\app\Controllers\Auth.php(65): CodeIgniter\BaseModel->first()
#7 C:\Users\mumpu\IdeaProjects\PemrogramanPerangkatBergerak\LangkahPeduliNew\system\CodeIgniter.php(933): App\Controllers\Auth->processLogin()
#8 C:\Users\mumpu\IdeaProjects\PemrogramanPerangkatBergerak\LangkahPeduliNew\system\CodeIgniter.php(507): CodeIgniter\CodeIgniter->runController(Object(App\Controllers\Auth))
#9 C:\Users\mumpu\IdeaProjects\PemrogramanPerangkatBergerak\LangkahPeduliNew\system\CodeIgniter.php(354): CodeIgniter\CodeIgniter->handleRequest(NULL, Object(Config\Cache), false)
#10 C:\Users\mumpu\IdeaProjects\PemrogramanPerangkatBergerak\LangkahPeduliNew\system\Boot.php(363): CodeIgniter\CodeIgniter->run()
#11 C:\Users\mumpu\IdeaProjects\PemrogramanPerangkatBergerak\LangkahPeduliNew\system\Boot.php(68): CodeIgniter\Boot::runCodeIgniter(Object(CodeIgniter\CodeIgniter))
#12 C:\Users\mumpu\IdeaProjects\PemrogramanPerangkatBergerak\LangkahPeduliNew\public\index.php(59): CodeIgniter\Boot::bootWeb(Object(Config\Paths))
#13 C:\Users\mumpu\IdeaProjects\PemrogramanPerangkatBergerak\LangkahPeduliNew\system\rewrite.php(44): require_once('C:\\Users\\mumpu\\...')
#14 {main}

Next CodeIgniter\Database\Exceptions\DatabaseException: No connection could be made because the target machine actively refused it in C:\Users\mumpu\IdeaProjects\PemrogramanPerangkatBergerak\LangkahPeduliNew\system\Database\MySQLi\Connection.php:246
Stack trace:
#0 C:\Users\mumpu\IdeaProjects\PemrogramanPerangkatBergerak\LangkahPeduliNew\system\Database\BaseConnection.php(419): CodeIgniter\Database\MySQLi\Connection->connect(false)
#1 C:\Users\mumpu\IdeaProjects\PemrogramanPerangkatBergerak\LangkahPeduliNew\system\Database\BaseConnection.php(614): CodeIgniter\Database\BaseConnection->initialize()
#2 C:\Users\mumpu\IdeaProjects\PemrogramanPerangkatBergerak\LangkahPeduliNew\system\Database\BaseBuilder.php(1649): CodeIgniter\Database\BaseConnection->query('SELECT *\nFROM `...', Array, false)
#3 C:\Users\mumpu\IdeaProjects\PemrogramanPerangkatBergerak\LangkahPeduliNew\system\Model.php(330): CodeIgniter\Database\BaseBuilder->get()
#4 C:\Users\mumpu\IdeaProjects\PemrogramanPerangkatBergerak\LangkahPeduliNew\system\BaseModel.php(715): CodeIgniter\Model->doFirst()
#5 C:\Users\mumpu\IdeaProjects\PemrogramanPerangkatBergerak\LangkahPeduliNew\app\Controllers\Auth.php(65): CodeIgniter\BaseModel->first()
#6 C:\Users\mumpu\IdeaProjects\PemrogramanPerangkatBergerak\LangkahPeduliNew\system\CodeIgniter.php(933): App\Controllers\Auth->processLogin()
#7 C:\Users\mumpu\IdeaProjects\PemrogramanPerangkatBergerak\LangkahPeduliNew\system\CodeIgniter.php(507): CodeIgniter\CodeIgniter->runController(Object(App\Controllers\Auth))
#8 C:\Users\mumpu\IdeaProjects\PemrogramanPerangkatBergerak\LangkahPeduliNew\system\CodeIgniter.php(354): CodeIgniter\CodeIgniter->handleRequest(NULL, Object(Config\Cache), false)
#9 C:\Users\mumpu\IdeaProjects\PemrogramanPerangkatBergerak\LangkahPeduliNew\system\Boot.php(363): CodeIgniter\CodeIgniter->run()
#10 C:\Users\mumpu\IdeaProjects\PemrogramanPerangkatBergerak\LangkahPeduliNew\system\Boot.php(68): CodeIgniter\Boot::runCodeIgniter(Object(CodeIgniter\CodeIgniter))
#11 C:\Users\mumpu\IdeaProjects\PemrogramanPerangkatBergerak\LangkahPeduliNew\public\index.php(59): CodeIgniter\Boot::bootWeb(Object(Config\Paths))
#12 C:\Users\mumpu\IdeaProjects\PemrogramanPerangkatBergerak\LangkahPeduliNew\system\rewrite.php(44): require_once('C:\\Users\\mumpu\\...')
#13 {main}
CRITICAL - 2025-11-17 16:10:46 --> CodeIgniter\Database\Exceptions\DatabaseException: Unable to connect to the database.
Main connection [MySQLi]: No connection could be made because the target machine actively refused it
[Method: POST, Route: login/process]
in SYSTEMPATH\Database\BaseConnection.php on line 465.
 1 SYSTEMPATH\Database\BaseConnection.php(614): CodeIgniter\Database\BaseConnection->initialize()
 2 SYSTEMPATH\Database\BaseBuilder.php(1649): CodeIgniter\Database\BaseConnection->query('SELECT *
FROM `users`
WHERE `username` = :username:
OR `email` = :email:
 LIMIT 1', [...], false)
 3 SYSTEMPATH\Model.php(330): CodeIgniter\Database\BaseBuilder->get()
 4 SYSTEMPATH\BaseModel.php(715): CodeIgniter\Model->doFirst()
 5 APPPATH\Controllers\Auth.php(65): CodeIgniter\BaseModel->first()
 6 SYSTEMPATH\CodeIgniter.php(933): App\Controllers\Auth->processLogin()
 7 SYSTEMPATH\CodeIgniter.php(507): CodeIgniter\CodeIgniter->runController(Object(App\Controllers\Auth))
 8 SYSTEMPATH\CodeIgniter.php(354): CodeIgniter\CodeIgniter->handleRequest(null, Object(Config\Cache), false)
 9 SYSTEMPATH\Boot.php(363): CodeIgniter\CodeIgniter->run()
10 SYSTEMPATH\Boot.php(68): CodeIgniter\Boot::runCodeIgniter(Object(CodeIgniter\CodeIgniter))
11 FCPATH\index.php(59): CodeIgniter\Boot::bootWeb(Object(Config\Paths))
12 SYSTEMPATH\rewrite.php(44): require_once('C:\\Users\\mumpu\\IdeaProjects\\PemrogramanPerangkatBergerak\\LangkahPeduliNew\\public\\index.php')
DEBUG - 2025-11-17 16:10:46 --> Session: Class initialized using 'CodeIgniter\Session\Handlers\FileHandler' driver.
ERROR - 2025-11-17 16:10:59 --> Error connecting to the database: mysqli_sql_exception: No connection could be made because the target machine actively refused it in C:\Users\mumpu\IdeaProjects\PemrogramanPerangkatBergerak\LangkahPeduliNew\system\Database\MySQLi\Connection.php:201
Stack trace:
#0 C:\Users\mumpu\IdeaProjects\PemrogramanPerangkatBergerak\LangkahPeduliNew\system\Database\MySQLi\Connection.php(201): mysqli->real_connect('localhost', 'root', Object(SensitiveParameterValue), 'newlangkah', 3306, '', 0)
#1 C:\Users\mumpu\IdeaProjects\PemrogramanPerangkatBergerak\LangkahPeduliNew\system\Database\BaseConnection.php(419): CodeIgniter\Database\MySQLi\Connection->connect(false)
#2 C:\Users\mumpu\IdeaProjects\PemrogramanPerangkatBergerak\LangkahPeduliNew\system\Database\BaseConnection.php(614): CodeIgniter\Database\BaseConnection->initialize()
#3 C:\Users\mumpu\IdeaProjects\PemrogramanPerangkatBergerak\LangkahPeduliNew\system\Database\BaseBuilder.php(1649): CodeIgniter\Database\BaseConnection->query('SELECT *\nFROM `...', Array, false)
#4 C:\Users\mumpu\IdeaProjects\PemrogramanPerangkatBergerak\LangkahPeduliNew\system\Model.php(330): CodeIgniter\Database\BaseBuilder->get()
#5 C:\Users\mumpu\IdeaProjects\PemrogramanPerangkatBergerak\LangkahPeduliNew\system\BaseModel.php(715): CodeIgniter\Model->doFirst()
#6 C:\Users\mumpu\IdeaProjects\PemrogramanPerangkatBergerak\LangkahPeduliNew\app\Controllers\Auth.php(65): CodeIgniter\BaseModel->first()
#7 C:\Users\mumpu\IdeaProjects\PemrogramanPerangkatBergerak\LangkahPeduliNew\system\CodeIgniter.php(933): App\Controllers\Auth->processLogin()
#8 C:\Users\mumpu\IdeaProjects\PemrogramanPerangkatBergerak\LangkahPeduliNew\system\CodeIgniter.php(507): CodeIgniter\CodeIgniter->runController(Object(App\Controllers\Auth))
#9 C:\Users\mumpu\IdeaProjects\PemrogramanPerangkatBergerak\LangkahPeduliNew\system\CodeIgniter.php(354): CodeIgniter\CodeIgniter->handleRequest(NULL, Object(Config\Cache), false)
#10 C:\Users\mumpu\IdeaProjects\PemrogramanPerangkatBergerak\LangkahPeduliNew\system\Boot.php(363): CodeIgniter\CodeIgniter->run()
#11 C:\Users\mumpu\IdeaProjects\PemrogramanPerangkatBergerak\LangkahPeduliNew\system\Boot.php(68): CodeIgniter\Boot::runCodeIgniter(Object(CodeIgniter\CodeIgniter))
#12 C:\Users\mumpu\IdeaProjects\PemrogramanPerangkatBergerak\LangkahPeduliNew\public\index.php(59): CodeIgniter\Boot::bootWeb(Object(Config\Paths))
#13 C:\Users\mumpu\IdeaProjects\PemrogramanPerangkatBergerak\LangkahPeduliNew\system\rewrite.php(44): require_once('C:\\Users\\mumpu\\...')
#14 {main}

Next CodeIgniter\Database\Exceptions\DatabaseException: No connection could be made because the target machine actively refused it in C:\Users\mumpu\IdeaProjects\PemrogramanPerangkatBergerak\LangkahPeduliNew\system\Database\MySQLi\Connection.php:246
Stack trace:
#0 C:\Users\mumpu\IdeaProjects\PemrogramanPerangkatBergerak\LangkahPeduliNew\system\Database\BaseConnection.php(419): CodeIgniter\Database\MySQLi\Connection->connect(false)
#1 C:\Users\mumpu\IdeaProjects\PemrogramanPerangkatBergerak\LangkahPeduliNew\system\Database\BaseConnection.php(614): CodeIgniter\Database\BaseConnection->initialize()
#2 C:\Users\mumpu\IdeaProjects\PemrogramanPerangkatBergerak\LangkahPeduliNew\system\Database\BaseBuilder.php(1649): CodeIgniter\Database\BaseConnection->query('SELECT *\nFROM `...', Array, false)
#3 C:\Users\mumpu\IdeaProjects\PemrogramanPerangkatBergerak\LangkahPeduliNew\system\Model.php(330): CodeIgniter\Database\BaseBuilder->get()
#4 C:\Users\mumpu\IdeaProjects\PemrogramanPerangkatBergerak\LangkahPeduliNew\system\BaseModel.php(715): CodeIgniter\Model->doFirst()
#5 C:\Users\mumpu\IdeaProjects\PemrogramanPerangkatBergerak\LangkahPeduliNew\app\Controllers\Auth.php(65): CodeIgniter\BaseModel->first()
#6 C:\Users\mumpu\IdeaProjects\PemrogramanPerangkatBergerak\LangkahPeduliNew\system\CodeIgniter.php(933): App\Controllers\Auth->processLogin()
#7 C:\Users\mumpu\IdeaProjects\PemrogramanPerangkatBergerak\LangkahPeduliNew\system\CodeIgniter.php(507): CodeIgniter\CodeIgniter->runController(Object(App\Controllers\Auth))
#8 C:\Users\mumpu\IdeaProjects\PemrogramanPerangkatBergerak\LangkahPeduliNew\system\CodeIgniter.php(354): CodeIgniter\CodeIgniter->handleRequest(NULL, Object(Config\Cache), false)
#9 C:\Users\mumpu\IdeaProjects\PemrogramanPerangkatBergerak\LangkahPeduliNew\system\Boot.php(363): CodeIgniter\CodeIgniter->run()
#10 C:\Users\mumpu\IdeaProjects\PemrogramanPerangkatBergerak\LangkahPeduliNew\system\Boot.php(68): CodeIgniter\Boot::runCodeIgniter(Object(CodeIgniter\CodeIgniter))
#11 C:\Users\mumpu\IdeaProjects\PemrogramanPerangkatBergerak\LangkahPeduliNew\public\index.php(59): CodeIgniter\Boot::bootWeb(Object(Config\Paths))
#12 C:\Users\mumpu\IdeaProjects\PemrogramanPerangkatBergerak\LangkahPeduliNew\system\rewrite.php(44): require_once('C:\\Users\\mumpu\\...')
#13 {main}
CRITICAL - 2025-11-17 16:10:59 --> CodeIgniter\Database\Exceptions\DatabaseException: Unable to connect to the database.
Main connection [MySQLi]: No connection could be made because the target machine actively refused it
[Method: POST, Route: login/process]
in SYSTEMPATH\Database\BaseConnection.php on line 465.
 1 SYSTEMPATH\Database\BaseConnection.php(614): CodeIgniter\Database\BaseConnection->initialize()
 2 SYSTEMPATH\Database\BaseBuilder.php(1649): CodeIgniter\Database\BaseConnection->query('SELECT *
FROM `users`
WHERE `username` = :username:
OR `email` = :email:
 LIMIT 1', [...], false)
 3 SYSTEMPATH\Model.php(330): CodeIgniter\Database\BaseBuilder->get()
 4 SYSTEMPATH\BaseModel.php(715): CodeIgniter\Model->doFirst()
 5 APPPATH\Controllers\Auth.php(65): CodeIgniter\BaseModel->first()
 6 SYSTEMPATH\CodeIgniter.php(933): App\Controllers\Auth->processLogin()
 7 SYSTEMPATH\CodeIgniter.php(507): CodeIgniter\CodeIgniter->runController(Object(App\Controllers\Auth))
 8 SYSTEMPATH\CodeIgniter.php(354): CodeIgniter\CodeIgniter->handleRequest(null, Object(Config\Cache), false)
 9 SYSTEMPATH\Boot.php(363): CodeIgniter\CodeIgniter->run()
10 SYSTEMPATH\Boot.php(68): CodeIgniter\Boot::runCodeIgniter(Object(CodeIgniter\CodeIgniter))
11 FCPATH\index.php(59): CodeIgniter\Boot::bootWeb(Object(Config\Paths))
12 SYSTEMPATH\rewrite.php(44): require_once('C:\\Users\\mumpu\\IdeaProjects\\PemrogramanPerangkatBergerak\\LangkahPeduliNew\\public\\index.php')
DEBUG - 2025-11-17 16:11:04 --> Session: Class initialized using 'CodeIgniter\Session\Handlers\FileHandler' driver.
DEBUG - 2025-11-17 16:11:04 --> Session: Class initialized using 'CodeIgniter\Session\Handlers\FileHandler' driver.
DEBUG - 2025-11-17 16:11:11 --> Session: Class initialized using 'CodeIgniter\Session\Handlers\FileHandler' driver.
DEBUG - 2025-11-17 16:11:31 --> Session: Class initialized using 'CodeIgniter\Session\Handlers\FileHandler' driver.
DEBUG - 2025-11-17 16:11:36 --> Session: Class initialized using 'CodeIgniter\Session\Handlers\FileHandler' driver.
DEBUG - 2025-11-17 16:11:40 --> Session: Class initialized using 'CodeIgniter\Session\Handlers\FileHandler' driver.
DEBUG - 2025-11-17 16:13:07 --> Session: Class initialized using 'CodeIgniter\Session\Handlers\FileHandler' driver.
DEBUG - 2025-11-17 16:13:11 --> Session: Class initialized using 'CodeIgniter\Session\Handlers\FileHandler' driver.
DEBUG - 2025-11-17 16:13:15 --> Session: Class initialized using 'CodeIgniter\Session\Handlers\FileHandler' driver.
ERROR - 2025-11-17 16:13:52 --> Error connecting to the database: mysqli_sql_exception: No connection could be made because the target machine actively refused it in C:\Users\mumpu\IdeaProjects\PemrogramanPerangkatBergerak\LangkahPeduliNew\system\Database\MySQLi\Connection.php:201
Stack trace:
#0 C:\Users\mumpu\IdeaProjects\PemrogramanPerangkatBergerak\LangkahPeduliNew\system\Database\MySQLi\Connection.php(201): mysqli->real_connect('localhost', 'root', Object(SensitiveParameterValue), 'newlangkah', 3306, '', 0)
#1 C:\Users\mumpu\IdeaProjects\PemrogramanPerangkatBergerak\LangkahPeduliNew\system\Database\BaseConnection.php(419): CodeIgniter\Database\MySQLi\Connection->connect(false)
#2 C:\Users\mumpu\IdeaProjects\PemrogramanPerangkatBergerak\LangkahPeduliNew\system\Database\BaseConnection.php(614): CodeIgniter\Database\BaseConnection->initialize()
#3 C:\Users\mumpu\IdeaProjects\PemrogramanPerangkatBergerak\LangkahPeduliNew\system\Database\BaseBuilder.php(1649): CodeIgniter\Database\BaseConnection->query('SELECT *\nFROM `...', Array, false)
#4 C:\Users\mumpu\IdeaProjects\PemrogramanPerangkatBergerak\LangkahPeduliNew\system\Model.php(330): CodeIgniter\Database\BaseBuilder->get()
#5 C:\Users\mumpu\IdeaProjects\PemrogramanPerangkatBergerak\LangkahPeduliNew\system\BaseModel.php(715): CodeIgniter\Model->doFirst()
#6 C:\Users\mumpu\IdeaProjects\PemrogramanPerangkatBergerak\LangkahPeduliNew\app\Controllers\Auth.php(65): CodeIgniter\BaseModel->first()
#7 C:\Users\mumpu\IdeaProjects\PemrogramanPerangkatBergerak\LangkahPeduliNew\system\CodeIgniter.php(933): App\Controllers\Auth->processLogin()
#8 C:\Users\mumpu\IdeaProjects\PemrogramanPerangkatBergerak\LangkahPeduliNew\system\CodeIgniter.php(507): CodeIgniter\CodeIgniter->runController(Object(App\Controllers\Auth))
#9 C:\Users\mumpu\IdeaProjects\PemrogramanPerangkatBergerak\LangkahPeduliNew\system\CodeIgniter.php(354): CodeIgniter\CodeIgniter->handleRequest(NULL, Object(Config\Cache), false)
#10 C:\Users\mumpu\IdeaProjects\PemrogramanPerangkatBergerak\LangkahPeduliNew\system\Boot.php(363): CodeIgniter\CodeIgniter->run()
#11 C:\Users\mumpu\IdeaProjects\PemrogramanPerangkatBergerak\LangkahPeduliNew\system\Boot.php(68): CodeIgniter\Boot::runCodeIgniter(Object(CodeIgniter\CodeIgniter))
#12 C:\Users\mumpu\IdeaProjects\PemrogramanPerangkatBergerak\LangkahPeduliNew\public\index.php(59): CodeIgniter\Boot::bootWeb(Object(Config\Paths))
#13 C:\Users\mumpu\IdeaProjects\PemrogramanPerangkatBergerak\LangkahPeduliNew\system\rewrite.php(44): require_once('C:\\Users\\mumpu\\...')
#14 {main}

Next CodeIgniter\Database\Exceptions\DatabaseException: No connection could be made because the target machine actively refused it in C:\Users\mumpu\IdeaProjects\PemrogramanPerangkatBergerak\LangkahPeduliNew\system\Database\MySQLi\Connection.php:246
Stack trace:
#0 C:\Users\mumpu\IdeaProjects\PemrogramanPerangkatBergerak\LangkahPeduliNew\system\Database\BaseConnection.php(419): CodeIgniter\Database\MySQLi\Connection->connect(false)
#1 C:\Users\mumpu\IdeaProjects\PemrogramanPerangkatBergerak\LangkahPeduliNew\system\Database\BaseConnection.php(614): CodeIgniter\Database\BaseConnection->initialize()
#2 C:\Users\mumpu\IdeaProjects\PemrogramanPerangkatBergerak\LangkahPeduliNew\system\Database\BaseBuilder.php(1649): CodeIgniter\Database\BaseConnection->query('SELECT *\nFROM `...', Array, false)
#3 C:\Users\mumpu\IdeaProjects\PemrogramanPerangkatBergerak\LangkahPeduliNew\system\Model.php(330): CodeIgniter\Database\BaseBuilder->get()
#4 C:\Users\mumpu\IdeaProjects\PemrogramanPerangkatBergerak\LangkahPeduliNew\system\BaseModel.php(715): CodeIgniter\Model->doFirst()
#5 C:\Users\mumpu\IdeaProjects\PemrogramanPerangkatBergerak\LangkahPeduliNew\app\Controllers\Auth.php(65): CodeIgniter\BaseModel->first()
#6 C:\Users\mumpu\IdeaProjects\PemrogramanPerangkatBergerak\LangkahPeduliNew\system\CodeIgniter.php(933): App\Controllers\Auth->processLogin()
#7 C:\Users\mumpu\IdeaProjects\PemrogramanPerangkatBergerak\LangkahPeduliNew\system\CodeIgniter.php(507): CodeIgniter\CodeIgniter->runController(Object(App\Controllers\Auth))
#8 C:\Users\mumpu\IdeaProjects\PemrogramanPerangkatBergerak\LangkahPeduliNew\system\CodeIgniter.php(354): CodeIgniter\CodeIgniter->handleRequest(NULL, Object(Config\Cache), false)
#9 C:\Users\mumpu\IdeaProjects\PemrogramanPerangkatBergerak\LangkahPeduliNew\system\Boot.php(363): CodeIgniter\CodeIgniter->run()
#10 C:\Users\mumpu\IdeaProjects\PemrogramanPerangkatBergerak\LangkahPeduliNew\system\Boot.php(68): CodeIgniter\Boot::runCodeIgniter(Object(CodeIgniter\CodeIgniter))
#11 C:\Users\mumpu\IdeaProjects\PemrogramanPerangkatBergerak\LangkahPeduliNew\public\index.php(59): CodeIgniter\Boot::bootWeb(Object(Config\Paths))
#12 C:\Users\mumpu\IdeaProjects\PemrogramanPerangkatBergerak\LangkahPeduliNew\system\rewrite.php(44): require_once('C:\\Users\\mumpu\\...')
#13 {main}
CRITICAL - 2025-11-17 16:13:52 --> CodeIgniter\Database\Exceptions\DatabaseException: Unable to connect to the database.
Main connection [MySQLi]: No connection could be made because the target machine actively refused it
[Method: POST, Route: login/process]
in SYSTEMPATH\Database\BaseConnection.php on line 465.
 1 SYSTEMPATH\Database\BaseConnection.php(614): CodeIgniter\Database\BaseConnection->initialize()
 2 SYSTEMPATH\Database\BaseBuilder.php(1649): CodeIgniter\Database\BaseConnection->query('SELECT *
FROM `users`
WHERE `username` = :username:
OR `email` = :email:
 LIMIT 1', [...], false)
 3 SYSTEMPATH\Model.php(330): CodeIgniter\Database\BaseBuilder->get()
 4 SYSTEMPATH\BaseModel.php(715): CodeIgniter\Model->doFirst()
 5 APPPATH\Controllers\Auth.php(65): CodeIgniter\BaseModel->first()
 6 SYSTEMPATH\CodeIgniter.php(933): App\Controllers\Auth->processLogin()
 7 SYSTEMPATH\CodeIgniter.php(507): CodeIgniter\CodeIgniter->runController(Object(App\Controllers\Auth))
 8 SYSTEMPATH\CodeIgniter.php(354): CodeIgniter\CodeIgniter->handleRequest(null, Object(Config\Cache), false)
 9 SYSTEMPATH\Boot.php(363): CodeIgniter\CodeIgniter->run()
10 SYSTEMPATH\Boot.php(68): CodeIgniter\Boot::runCodeIgniter(Object(CodeIgniter\CodeIgniter))
11 FCPATH\index.php(59): CodeIgniter\Boot::bootWeb(Object(Config\Paths))
12 SYSTEMPATH\rewrite.php(44): require_once('C:\\Users\\mumpu\\IdeaProjects\\PemrogramanPerangkatBergerak\\LangkahPeduliNew\\public\\index.php')
DEBUG - 2025-11-17 16:13:54 --> Session: Class initialized using 'CodeIgniter\Session\Handlers\FileHandler' driver.
DEBUG - 2025-11-17 16:13:54 --> Session: Class initialized using 'CodeIgniter\Session\Handlers\FileHandler' driver.
DEBUG - 2025-11-17 16:13:58 --> Session: Class initialized using 'CodeIgniter\Session\Handlers\FileHandler' driver.
ERROR - 2025-11-17 16:18:57 --> Error connecting to the database: mysqli_sql_exception: No connection could be made because the target machine actively refused it in C:\Users\mumpu\IdeaProjects\PemrogramanPerangkatBergerak\LangkahPeduliNew\system\Database\MySQLi\Connection.php:201
Stack trace:
#0 C:\Users\mumpu\IdeaProjects\PemrogramanPerangkatBergerak\LangkahPeduliNew\system\Database\MySQLi\Connection.php(201): mysqli->real_connect('localhost', 'root', Object(SensitiveParameterValue), 'newlangkah', 3306, '', 0)
#1 C:\Users\mumpu\IdeaProjects\PemrogramanPerangkatBergerak\LangkahPeduliNew\system\Database\BaseConnection.php(419): CodeIgniter\Database\MySQLi\Connection->connect(false)
#2 C:\Users\mumpu\IdeaProjects\PemrogramanPerangkatBergerak\LangkahPeduliNew\system\Database\BaseConnection.php(614): CodeIgniter\Database\BaseConnection->initialize()
#3 C:\Users\mumpu\IdeaProjects\PemrogramanPerangkatBergerak\LangkahPeduliNew\system\Database\BaseBuilder.php(1649): CodeIgniter\Database\BaseConnection->query('SELECT *\nFROM `...', Array, false)
#4 C:\Users\mumpu\IdeaProjects\PemrogramanPerangkatBergerak\LangkahPeduliNew\system\Model.php(330): CodeIgniter\Database\BaseBuilder->get()
#5 C:\Users\mumpu\IdeaProjects\PemrogramanPerangkatBergerak\LangkahPeduliNew\system\BaseModel.php(715): CodeIgniter\Model->doFirst()
#6 C:\Users\mumpu\IdeaProjects\PemrogramanPerangkatBergerak\LangkahPeduliNew\app\Controllers\Auth.php(30): CodeIgniter\BaseModel->first()
#7 C:\Users\mumpu\IdeaProjects\PemrogramanPerangkatBergerak\LangkahPeduliNew\system\CodeIgniter.php(933): App\Controllers\Auth->saveRegister()
#8 C:\Users\mumpu\IdeaProjects\PemrogramanPerangkatBergerak\LangkahPeduliNew\system\CodeIgniter.php(507): CodeIgniter\CodeIgniter->runController(Object(App\Controllers\Auth))
#9 C:\Users\mumpu\IdeaProjects\PemrogramanPerangkatBergerak\LangkahPeduliNew\system\CodeIgniter.php(354): CodeIgniter\CodeIgniter->handleRequest(NULL, Object(Config\Cache), false)
#10 C:\Users\mumpu\IdeaProjects\PemrogramanPerangkatBergerak\LangkahPeduliNew\system\Boot.php(363): CodeIgniter\CodeIgniter->run()
#11 C:\Users\mumpu\IdeaProjects\PemrogramanPerangkatBergerak\LangkahPeduliNew\system\Boot.php(68): CodeIgniter\Boot::runCodeIgniter(Object(CodeIgniter\CodeIgniter))
#12 C:\Users\mumpu\IdeaProjects\PemrogramanPerangkatBergerak\LangkahPeduliNew\public\index.php(59): CodeIgniter\Boot::bootWeb(Object(Config\Paths))
#13 C:\Users\mumpu\IdeaProjects\PemrogramanPerangkatBergerak\LangkahPeduliNew\system\rewrite.php(44): require_once('C:\\Users\\mumpu\\...')
#14 {main}

Next CodeIgniter\Database\Exceptions\DatabaseException: No connection could be made because the target machine actively refused it in C:\Users\mumpu\IdeaProjects\PemrogramanPerangkatBergerak\LangkahPeduliNew\system\Database\MySQLi\Connection.php:246
Stack trace:
#0 C:\Users\mumpu\IdeaProjects\PemrogramanPerangkatBergerak\LangkahPeduliNew\system\Database\BaseConnection.php(419): CodeIgniter\Database\MySQLi\Connection->connect(false)
#1 C:\Users\mumpu\IdeaProjects\PemrogramanPerangkatBergerak\LangkahPeduliNew\system\Database\BaseConnection.php(614): CodeIgniter\Database\BaseConnection->initialize()
#2 C:\Users\mumpu\IdeaProjects\PemrogramanPerangkatBergerak\LangkahPeduliNew\system\Database\BaseBuilder.php(1649): CodeIgniter\Database\BaseConnection->query('SELECT *\nFROM `...', Array, false)
#3 C:\Users\mumpu\IdeaProjects\PemrogramanPerangkatBergerak\LangkahPeduliNew\system\Model.php(330): CodeIgniter\Database\BaseBuilder->get()
#4 C:\Users\mumpu\IdeaProjects\PemrogramanPerangkatBergerak\LangkahPeduliNew\system\BaseModel.php(715): CodeIgniter\Model->doFirst()
#5 C:\Users\mumpu\IdeaProjects\PemrogramanPerangkatBergerak\LangkahPeduliNew\app\Controllers\Auth.php(30): CodeIgniter\BaseModel->first()
#6 C:\Users\mumpu\IdeaProjects\PemrogramanPerangkatBergerak\LangkahPeduliNew\system\CodeIgniter.php(933): App\Controllers\Auth->saveRegister()
#7 C:\Users\mumpu\IdeaProjects\PemrogramanPerangkatBergerak\LangkahPeduliNew\system\CodeIgniter.php(507): CodeIgniter\CodeIgniter->runController(Object(App\Controllers\Auth))
#8 C:\Users\mumpu\IdeaProjects\PemrogramanPerangkatBergerak\LangkahPeduliNew\system\CodeIgniter.php(354): CodeIgniter\CodeIgniter->handleRequest(NULL, Object(Config\Cache), false)
#9 C:\Users\mumpu\IdeaProjects\PemrogramanPerangkatBergerak\LangkahPeduliNew\system\Boot.php(363): CodeIgniter\CodeIgniter->run()
#10 C:\Users\mumpu\IdeaProjects\PemrogramanPerangkatBergerak\LangkahPeduliNew\system\Boot.php(68): CodeIgniter\Boot::runCodeIgniter(Object(CodeIgniter\CodeIgniter))
#11 C:\Users\mumpu\IdeaProjects\PemrogramanPerangkatBergerak\LangkahPeduliNew\public\index.php(59): CodeIgniter\Boot::bootWeb(Object(Config\Paths))
#12 C:\Users\mumpu\IdeaProjects\PemrogramanPerangkatBergerak\LangkahPeduliNew\system\rewrite.php(44): require_once('C:\\Users\\mumpu\\...')
#13 {main}
CRITICAL - 2025-11-17 16:18:57 --> CodeIgniter\Database\Exceptions\DatabaseException: Unable to connect to the database.
Main connection [MySQLi]: No connection could be made because the target machine actively refused it
[Method: POST, Route: register/save]
in SYSTEMPATH\Database\BaseConnection.php on line 465.
 1 SYSTEMPATH\Database\BaseConnection.php(614): CodeIgniter\Database\BaseConnection->initialize()
 2 SYSTEMPATH\Database\BaseBuilder.php(1649): CodeIgniter\Database\BaseConnection->query('SELECT *
FROM `users`
WHERE `email` = :email:
OR `username` = :username:
 LIMIT 1', [...], false)
 3 SYSTEMPATH\Model.php(330): CodeIgniter\Database\BaseBuilder->get()
 4 SYSTEMPATH\BaseModel.php(715): CodeIgniter\Model->doFirst()
 5 APPPATH\Controllers\Auth.php(30): CodeIgniter\BaseModel->first()
 6 SYSTEMPATH\CodeIgniter.php(933): App\Controllers\Auth->saveRegister()
 7 SYSTEMPATH\CodeIgniter.php(507): CodeIgniter\CodeIgniter->runController(Object(App\Controllers\Auth))
 8 SYSTEMPATH\CodeIgniter.php(354): CodeIgniter\CodeIgniter->handleRequest(null, Object(Config\Cache), false)
 9 SYSTEMPATH\Boot.php(363): CodeIgniter\CodeIgniter->run()
10 SYSTEMPATH\Boot.php(68): CodeIgniter\Boot::runCodeIgniter(Object(CodeIgniter\CodeIgniter))
11 FCPATH\index.php(59): CodeIgniter\Boot::bootWeb(Object(Config\Paths))
12 SYSTEMPATH\rewrite.php(44): require_once('C:\\Users\\mumpu\\IdeaProjects\\PemrogramanPerangkatBergerak\\LangkahPeduliNew\\public\\index.php')
DEBUG - 2025-11-17 16:19:43 --> Session: Class initialized using 'CodeIgniter\Session\Handlers\FileHandler' driver.
DEBUG - 2025-11-17 16:19:43 --> Session: Class initialized using 'CodeIgniter\Session\Handlers\FileHandler' driver.
ERROR - 2025-11-17 16:21:22 --> Error connecting to the database: mysqli_sql_exception: No connection could be made because the target machine actively refused it in C:\Users\mumpu\IdeaProjects\PemrogramanPerangkatBergerak\LangkahPeduliNew\system\Database\MySQLi\Connection.php:201
Stack trace:
#0 C:\Users\mumpu\IdeaProjects\PemrogramanPerangkatBergerak\LangkahPeduliNew\system\Database\MySQLi\Connection.php(201): mysqli->real_connect('localhost', 'root', Object(SensitiveParameterValue), 'newlangkah', 3306, '', 0)
#1 C:\Users\mumpu\IdeaProjects\PemrogramanPerangkatBergerak\LangkahPeduliNew\system\Database\BaseConnection.php(419): CodeIgniter\Database\MySQLi\Connection->connect(false)
#2 C:\Users\mumpu\IdeaProjects\PemrogramanPerangkatBergerak\LangkahPeduliNew\system\Database\BaseConnection.php(614): CodeIgniter\Database\BaseConnection->initialize()
#3 C:\Users\mumpu\IdeaProjects\PemrogramanPerangkatBergerak\LangkahPeduliNew\system\Database\BaseBuilder.php(1649): CodeIgniter\Database\BaseConnection->query('SELECT *\nFROM `...', Array, false)
#4 C:\Users\mumpu\IdeaProjects\PemrogramanPerangkatBergerak\LangkahPeduliNew\system\Model.php(330): CodeIgniter\Database\BaseBuilder->get()
#5 C:\Users\mumpu\IdeaProjects\PemrogramanPerangkatBergerak\LangkahPeduliNew\system\BaseModel.php(715): CodeIgniter\Model->doFirst()
#6 C:\Users\mumpu\IdeaProjects\PemrogramanPerangkatBergerak\LangkahPeduliNew\app\Controllers\Auth.php(65): CodeIgniter\BaseModel->first()
#7 C:\Users\mumpu\IdeaProjects\PemrogramanPerangkatBergerak\LangkahPeduliNew\system\CodeIgniter.php(933): App\Controllers\Auth->processLogin()
#8 C:\Users\mumpu\IdeaProjects\PemrogramanPerangkatBergerak\LangkahPeduliNew\system\CodeIgniter.php(507): CodeIgniter\CodeIgniter->runController(Object(App\Controllers\Auth))
#9 C:\Users\mumpu\IdeaProjects\PemrogramanPerangkatBergerak\LangkahPeduliNew\system\CodeIgniter.php(354): CodeIgniter\CodeIgniter->handleRequest(NULL, Object(Config\Cache), false)
#10 C:\Users\mumpu\IdeaProjects\PemrogramanPerangkatBergerak\LangkahPeduliNew\system\Boot.php(363): CodeIgniter\CodeIgniter->run()
#11 C:\Users\mumpu\IdeaProjects\PemrogramanPerangkatBergerak\LangkahPeduliNew\system\Boot.php(68): CodeIgniter\Boot::runCodeIgniter(Object(CodeIgniter\CodeIgniter))
#12 C:\Users\mumpu\IdeaProjects\PemrogramanPerangkatBergerak\LangkahPeduliNew\public\index.php(59): CodeIgniter\Boot::bootWeb(Object(Config\Paths))
#13 C:\Users\mumpu\IdeaProjects\PemrogramanPerangkatBergerak\LangkahPeduliNew\system\rewrite.php(44): require_once('C:\\Users\\mumpu\\...')
#14 {main}

Next CodeIgniter\Database\Exceptions\DatabaseException: No connection could be made because the target machine actively refused it in C:\Users\mumpu\IdeaProjects\PemrogramanPerangkatBergerak\LangkahPeduliNew\system\Database\MySQLi\Connection.php:246
Stack trace:
#0 C:\Users\mumpu\IdeaProjects\PemrogramanPerangkatBergerak\LangkahPeduliNew\system\Database\BaseConnection.php(419): CodeIgniter\Database\MySQLi\Connection->connect(false)
#1 C:\Users\mumpu\IdeaProjects\PemrogramanPerangkatBergerak\LangkahPeduliNew\system\Database\BaseConnection.php(614): CodeIgniter\Database\BaseConnection->initialize()
#2 C:\Users\mumpu\IdeaProjects\PemrogramanPerangkatBergerak\LangkahPeduliNew\system\Database\BaseBuilder.php(1649): CodeIgniter\Database\BaseConnection->query('SELECT *\nFROM `...', Array, false)
#3 C:\Users\mumpu\IdeaProjects\PemrogramanPerangkatBergerak\LangkahPeduliNew\system\Model.php(330): CodeIgniter\Database\BaseBuilder->get()
#4 C:\Users\mumpu\IdeaProjects\PemrogramanPerangkatBergerak\LangkahPeduliNew\system\BaseModel.php(715): CodeIgniter\Model->doFirst()
#5 C:\Users\mumpu\IdeaProjects\PemrogramanPerangkatBergerak\LangkahPeduliNew\app\Controllers\Auth.php(65): CodeIgniter\BaseModel->first()
#6 C:\Users\mumpu\IdeaProjects\PemrogramanPerangkatBergerak\LangkahPeduliNew\system\CodeIgniter.php(933): App\Controllers\Auth->processLogin()
#7 C:\Users\mumpu\IdeaProjects\PemrogramanPerangkatBergerak\LangkahPeduliNew\system\CodeIgniter.php(507): CodeIgniter\CodeIgniter->runController(Object(App\Controllers\Auth))
#8 C:\Users\mumpu\IdeaProjects\PemrogramanPerangkatBergerak\LangkahPeduliNew\system\CodeIgniter.php(354): CodeIgniter\CodeIgniter->handleRequest(NULL, Object(Config\Cache), false)
#9 C:\Users\mumpu\IdeaProjects\PemrogramanPerangkatBergerak\LangkahPeduliNew\system\Boot.php(363): CodeIgniter\CodeIgniter->run()
#10 C:\Users\mumpu\IdeaProjects\PemrogramanPerangkatBergerak\LangkahPeduliNew\system\Boot.php(68): CodeIgniter\Boot::runCodeIgniter(Object(CodeIgniter\CodeIgniter))
#11 C:\Users\mumpu\IdeaProjects\PemrogramanPerangkatBergerak\LangkahPeduliNew\public\index.php(59): CodeIgniter\Boot::bootWeb(Object(Config\Paths))
#12 C:\Users\mumpu\IdeaProjects\PemrogramanPerangkatBergerak\LangkahPeduliNew\system\rewrite.php(44): require_once('C:\\Users\\mumpu\\...')
#13 {main}
CRITICAL - 2025-11-17 16:21:22 --> CodeIgniter\Database\Exceptions\DatabaseException: Unable to connect to the database.
Main connection [MySQLi]: No connection could be made because the target machine actively refused it
[Method: POST, Route: login/process]
in SYSTEMPATH\Database\BaseConnection.php on line 465.
 1 SYSTEMPATH\Database\BaseConnection.php(614): CodeIgniter\Database\BaseConnection->initialize()
 2 SYSTEMPATH\Database\BaseBuilder.php(1649): CodeIgniter\Database\BaseConnection->query('SELECT *
FROM `users`
WHERE `username` = :username:
OR `email` = :email:
 LIMIT 1', [...], false)
 3 SYSTEMPATH\Model.php(330): CodeIgniter\Database\BaseBuilder->get()
 4 SYSTEMPATH\BaseModel.php(715): CodeIgniter\Model->doFirst()
 5 APPPATH\Controllers\Auth.php(65): CodeIgniter\BaseModel->first()
 6 SYSTEMPATH\CodeIgniter.php(933): App\Controllers\Auth->processLogin()
 7 SYSTEMPATH\CodeIgniter.php(507): CodeIgniter\CodeIgniter->runController(Object(App\Controllers\Auth))
 8 SYSTEMPATH\CodeIgniter.php(354): CodeIgniter\CodeIgniter->handleRequest(null, Object(Config\Cache), false)
 9 SYSTEMPATH\Boot.php(363): CodeIgniter\CodeIgniter->run()
10 SYSTEMPATH\Boot.php(68): CodeIgniter\Boot::runCodeIgniter(Object(CodeIgniter\CodeIgniter))
11 FCPATH\index.php(59): CodeIgniter\Boot::bootWeb(Object(Config\Paths))
12 SYSTEMPATH\rewrite.php(44): require_once('C:\\Users\\mumpu\\IdeaProjects\\PemrogramanPerangkatBergerak\\LangkahPeduliNew\\public\\index.php')
DEBUG - 2025-11-17 16:25:31 --> Session: Class initialized using 'CodeIgniter\Session\Handlers\FileHandler' driver.
DEBUG - 2025-11-17 16:25:31 --> Session: Class initialized using 'CodeIgniter\Session\Handlers\FileHandler' driver.
DEBUG - 2025-11-17 16:25:35 --> Session: Class initialized using 'CodeIgniter\Session\Handlers\FileHandler' driver.
ERROR - 2025-11-17 16:25:47 --> Error connecting to the database: mysqli_sql_exception: No connection could be made because the target machine actively refused it in C:\Users\mumpu\IdeaProjects\PemrogramanPerangkatBergerak\LangkahPeduliNew\system\Database\MySQLi\Connection.php:201
Stack trace:
#0 C:\Users\mumpu\IdeaProjects\PemrogramanPerangkatBergerak\LangkahPeduliNew\system\Database\MySQLi\Connection.php(201): mysqli->real_connect('localhost', 'root', Object(SensitiveParameterValue), 'newlangkah', 3306, '', 0)
#1 C:\Users\mumpu\IdeaProjects\PemrogramanPerangkatBergerak\LangkahPeduliNew\system\Database\BaseConnection.php(419): CodeIgniter\Database\MySQLi\Connection->connect(false)
#2 C:\Users\mumpu\IdeaProjects\PemrogramanPerangkatBergerak\LangkahPeduliNew\system\Database\BaseConnection.php(614): CodeIgniter\Database\BaseConnection->initialize()
#3 C:\Users\mumpu\IdeaProjects\PemrogramanPerangkatBergerak\LangkahPeduliNew\system\Database\BaseBuilder.php(1649): CodeIgniter\Database\BaseConnection->query('SELECT *\nFROM `...', Array, false)
#4 C:\Users\mumpu\IdeaProjects\PemrogramanPerangkatBergerak\LangkahPeduliNew\system\Model.php(330): CodeIgniter\Database\BaseBuilder->get()
#5 C:\Users\mumpu\IdeaProjects\PemrogramanPerangkatBergerak\LangkahPeduliNew\system\BaseModel.php(715): CodeIgniter\Model->doFirst()
#6 C:\Users\mumpu\IdeaProjects\PemrogramanPerangkatBergerak\LangkahPeduliNew\app\Controllers\Auth.php(30): CodeIgniter\BaseModel->first()
#7 C:\Users\mumpu\IdeaProjects\PemrogramanPerangkatBergerak\LangkahPeduliNew\system\CodeIgniter.php(933): App\Controllers\Auth->saveRegister()
#8 C:\Users\mumpu\IdeaProjects\PemrogramanPerangkatBergerak\LangkahPeduliNew\system\CodeIgniter.php(507): CodeIgniter\CodeIgniter->runController(Object(App\Controllers\Auth))
#9 C:\Users\mumpu\IdeaProjects\PemrogramanPerangkatBergerak\LangkahPeduliNew\system\CodeIgniter.php(354): CodeIgniter\CodeIgniter->handleRequest(NULL, Object(Config\Cache), false)
#10 C:\Users\mumpu\IdeaProjects\PemrogramanPerangkatBergerak\LangkahPeduliNew\system\Boot.php(363): CodeIgniter\CodeIgniter->run()
#11 C:\Users\mumpu\IdeaProjects\PemrogramanPerangkatBergerak\LangkahPeduliNew\system\Boot.php(68): CodeIgniter\Boot::runCodeIgniter(Object(CodeIgniter\CodeIgniter))
#12 C:\Users\mumpu\IdeaProjects\PemrogramanPerangkatBergerak\LangkahPeduliNew\public\index.php(59): CodeIgniter\Boot::bootWeb(Object(Config\Paths))
#13 C:\Users\mumpu\IdeaProjects\PemrogramanPerangkatBergerak\LangkahPeduliNew\system\rewrite.php(44): require_once('C:\\Users\\mumpu\\...')
#14 {main}

Next CodeIgniter\Database\Exceptions\DatabaseException: No connection could be made because the target machine actively refused it in C:\Users\mumpu\IdeaProjects\PemrogramanPerangkatBergerak\LangkahPeduliNew\system\Database\MySQLi\Connection.php:246
Stack trace:
#0 C:\Users\mumpu\IdeaProjects\PemrogramanPerangkatBergerak\LangkahPeduliNew\system\Database\BaseConnection.php(419): CodeIgniter\Database\MySQLi\Connection->connect(false)
#1 C:\Users\mumpu\IdeaProjects\PemrogramanPerangkatBergerak\LangkahPeduliNew\system\Database\BaseConnection.php(614): CodeIgniter\Database\BaseConnection->initialize()
#2 C:\Users\mumpu\IdeaProjects\PemrogramanPerangkatBergerak\LangkahPeduliNew\system\Database\BaseBuilder.php(1649): CodeIgniter\Database\BaseConnection->query('SELECT *\nFROM `...', Array, false)
#3 C:\Users\mumpu\IdeaProjects\PemrogramanPerangkatBergerak\LangkahPeduliNew\system\Model.php(330): CodeIgniter\Database\BaseBuilder->get()
#4 C:\Users\mumpu\IdeaProjects\PemrogramanPerangkatBergerak\LangkahPeduliNew\system\BaseModel.php(715): CodeIgniter\Model->doFirst()
#5 C:\Users\mumpu\IdeaProjects\PemrogramanPerangkatBergerak\LangkahPeduliNew\app\Controllers\Auth.php(30): CodeIgniter\BaseModel->first()
#6 C:\Users\mumpu\IdeaProjects\PemrogramanPerangkatBergerak\LangkahPeduliNew\system\CodeIgniter.php(933): App\Controllers\Auth->saveRegister()
#7 C:\Users\mumpu\IdeaProjects\PemrogramanPerangkatBergerak\LangkahPeduliNew\system\CodeIgniter.php(507): CodeIgniter\CodeIgniter->runController(Object(App\Controllers\Auth))
#8 C:\Users\mumpu\IdeaProjects\PemrogramanPerangkatBergerak\LangkahPeduliNew\system\CodeIgniter.php(354): CodeIgniter\CodeIgniter->handleRequest(NULL, Object(Config\Cache), false)
#9 C:\Users\mumpu\IdeaProjects\PemrogramanPerangkatBergerak\LangkahPeduliNew\system\Boot.php(363): CodeIgniter\CodeIgniter->run()
#10 C:\Users\mumpu\IdeaProjects\PemrogramanPerangkatBergerak\LangkahPeduliNew\system\Boot.php(68): CodeIgniter\Boot::runCodeIgniter(Object(CodeIgniter\CodeIgniter))
#11 C:\Users\mumpu\IdeaProjects\PemrogramanPerangkatBergerak\LangkahPeduliNew\public\index.php(59): CodeIgniter\Boot::bootWeb(Object(Config\Paths))
#12 C:\Users\mumpu\IdeaProjects\PemrogramanPerangkatBergerak\LangkahPeduliNew\system\rewrite.php(44): require_once('C:\\Users\\mumpu\\...')
#13 {main}
CRITICAL - 2025-11-17 16:25:47 --> CodeIgniter\Database\Exceptions\DatabaseException: Unable to connect to the database.
Main connection [MySQLi]: No connection could be made because the target machine actively refused it
[Method: POST, Route: register/save]
in SYSTEMPATH\Database\BaseConnection.php on line 465.
 1 SYSTEMPATH\Database\BaseConnection.php(614): CodeIgniter\Database\BaseConnection->initialize()
 2 SYSTEMPATH\Database\BaseBuilder.php(1649): CodeIgniter\Database\BaseConnection->query('SELECT *
FROM `users`
WHERE `email` = :email:
OR `username` = :username:
 LIMIT 1', [...], false)
 3 SYSTEMPATH\Model.php(330): CodeIgniter\Database\BaseBuilder->get()
 4 SYSTEMPATH\BaseModel.php(715): CodeIgniter\Model->doFirst()
 5 APPPATH\Controllers\Auth.php(30): CodeIgniter\BaseModel->first()
 6 SYSTEMPATH\CodeIgniter.php(933): App\Controllers\Auth->saveRegister()
 7 SYSTEMPATH\CodeIgniter.php(507): CodeIgniter\CodeIgniter->runController(Object(App\Controllers\Auth))
 8 SYSTEMPATH\CodeIgniter.php(354): CodeIgniter\CodeIgniter->handleRequest(null, Object(Config\Cache), false)
 9 SYSTEMPATH\Boot.php(363): CodeIgniter\CodeIgniter->run()
10 SYSTEMPATH\Boot.php(68): CodeIgniter\Boot::runCodeIgniter(Object(CodeIgniter\CodeIgniter))
11 FCPATH\index.php(59): CodeIgniter\Boot::bootWeb(Object(Config\Paths))
12 SYSTEMPATH\rewrite.php(44): require_once('C:\\Users\\mumpu\\IdeaProjects\\PemrogramanPerangkatBergerak\\LangkahPeduliNew\\public\\index.php')
DEBUG - 2025-11-17 16:27:06 --> Session: Class initialized using 'CodeIgniter\Session\Handlers\FileHandler' driver.
DEBUG - 2025-11-17 16:27:06 --> Session: Class initialized using 'CodeIgniter\Session\Handlers\FileHandler' driver.
DEBUG - 2025-11-17 16:27:17 --> Session: Class initialized using 'CodeIgniter\Session\Handlers\FileHandler' driver.
DEBUG - 2025-11-17 16:27:18 --> Session: Class initialized using 'CodeIgniter\Session\Handlers\FileHandler' driver.
DEBUG - 2025-11-17 16:27:18 --> Session: Class initialized using 'CodeIgniter\Session\Handlers\FileHandler' driver.
DEBUG - 2025-11-17 16:28:01 --> Session: Class initialized using 'CodeIgniter\Session\Handlers\FileHandler' driver.
DEBUG - 2025-11-17 16:28:01 --> Session: Class initialized using 'CodeIgniter\Session\Handlers\FileHandler' driver.
DEBUG - 2025-11-17 16:43:52 --> Session: Class initialized using 'CodeIgniter\Session\Handlers\FileHandler' driver.
ERROR - 2025-11-17 16:44:03 --> Error connecting to the database: mysqli_sql_exception: No connection could be made because the target machine actively refused it in C:\Users\mumpu\IdeaProjects\PemrogramanPerangkatBergerak\LangkahPeduliNew\system\Database\MySQLi\Connection.php:201
Stack trace:
#0 C:\Users\mumpu\IdeaProjects\PemrogramanPerangkatBergerak\LangkahPeduliNew\system\Database\MySQLi\Connection.php(201): mysqli->real_connect('localhost', 'root', Object(SensitiveParameterValue), 'newlangkah', 3306, '', 0)
#1 C:\Users\mumpu\IdeaProjects\PemrogramanPerangkatBergerak\LangkahPeduliNew\system\Database\BaseConnection.php(419): CodeIgniter\Database\MySQLi\Connection->connect(false)
#2 C:\Users\mumpu\IdeaProjects\PemrogramanPerangkatBergerak\LangkahPeduliNew\system\Database\BaseConnection.php(614): CodeIgniter\Database\BaseConnection->initialize()
#3 C:\Users\mumpu\IdeaProjects\PemrogramanPerangkatBergerak\LangkahPeduliNew\system\Database\BaseBuilder.php(1649): CodeIgniter\Database\BaseConnection->query('SELECT *\nFROM `...', Array, false)
#4 C:\Users\mumpu\IdeaProjects\PemrogramanPerangkatBergerak\LangkahPeduliNew\system\Model.php(330): CodeIgniter\Database\BaseBuilder->get()
#5 C:\Users\mumpu\IdeaProjects\PemrogramanPerangkatBergerak\LangkahPeduliNew\system\BaseModel.php(715): CodeIgniter\Model->doFirst()
#6 C:\Users\mumpu\IdeaProjects\PemrogramanPerangkatBergerak\LangkahPeduliNew\app\Controllers\Auth.php(65): CodeIgniter\BaseModel->first()
#7 C:\Users\mumpu\IdeaProjects\PemrogramanPerangkatBergerak\LangkahPeduliNew\system\CodeIgniter.php(933): App\Controllers\Auth->processLogin()
#8 C:\Users\mumpu\IdeaProjects\PemrogramanPerangkatBergerak\LangkahPeduliNew\system\CodeIgniter.php(507): CodeIgniter\CodeIgniter->runController(Object(App\Controllers\Auth))
#9 C:\Users\mumpu\IdeaProjects\PemrogramanPerangkatBergerak\LangkahPeduliNew\system\CodeIgniter.php(354): CodeIgniter\CodeIgniter->handleRequest(NULL, Object(Config\Cache), false)
#10 C:\Users\mumpu\IdeaProjects\PemrogramanPerangkatBergerak\LangkahPeduliNew\system\Boot.php(363): CodeIgniter\CodeIgniter->run()
#11 C:\Users\mumpu\IdeaProjects\PemrogramanPerangkatBergerak\LangkahPeduliNew\system\Boot.php(68): CodeIgniter\Boot::runCodeIgniter(Object(CodeIgniter\CodeIgniter))
#12 C:\Users\mumpu\IdeaProjects\PemrogramanPerangkatBergerak\LangkahPeduliNew\public\index.php(59): CodeIgniter\Boot::bootWeb(Object(Config\Paths))
#13 C:\Users\mumpu\IdeaProjects\PemrogramanPerangkatBergerak\LangkahPeduliNew\system\rewrite.php(44): require_once('C:\\Users\\mumpu\\...')
#14 {main}

Next CodeIgniter\Database\Exceptions\DatabaseException: No connection could be made because the target machine actively refused it in C:\Users\mumpu\IdeaProjects\PemrogramanPerangkatBergerak\LangkahPeduliNew\system\Database\MySQLi\Connection.php:246
Stack trace:
#0 C:\Users\mumpu\IdeaProjects\PemrogramanPerangkatBergerak\LangkahPeduliNew\system\Database\BaseConnection.php(419): CodeIgniter\Database\MySQLi\Connection->connect(false)
#1 C:\Users\mumpu\IdeaProjects\PemrogramanPerangkatBergerak\LangkahPeduliNew\system\Database\BaseConnection.php(614): CodeIgniter\Database\BaseConnection->initialize()
#2 C:\Users\mumpu\IdeaProjects\PemrogramanPerangkatBergerak\LangkahPeduliNew\system\Database\BaseBuilder.php(1649): CodeIgniter\Database\BaseConnection->query('SELECT *\nFROM `...', Array, false)
#3 C:\Users\mumpu\IdeaProjects\PemrogramanPerangkatBergerak\LangkahPeduliNew\system\Model.php(330): CodeIgniter\Database\BaseBuilder->get()
#4 C:\Users\mumpu\IdeaProjects\PemrogramanPerangkatBergerak\LangkahPeduliNew\system\BaseModel.php(715): CodeIgniter\Model->doFirst()
#5 C:\Users\mumpu\IdeaProjects\PemrogramanPerangkatBergerak\LangkahPeduliNew\app\Controllers\Auth.php(65): CodeIgniter\BaseModel->first()
#6 C:\Users\mumpu\IdeaProjects\PemrogramanPerangkatBergerak\LangkahPeduliNew\system\CodeIgniter.php(933): App\Controllers\Auth->processLogin()
#7 C:\Users\mumpu\IdeaProjects\PemrogramanPerangkatBergerak\LangkahPeduliNew\system\CodeIgniter.php(507): CodeIgniter\CodeIgniter->runController(Object(App\Controllers\Auth))
#8 C:\Users\mumpu\IdeaProjects\PemrogramanPerangkatBergerak\LangkahPeduliNew\system\CodeIgniter.php(354): CodeIgniter\CodeIgniter->handleRequest(NULL, Object(Config\Cache), false)
#9 C:\Users\mumpu\IdeaProjects\PemrogramanPerangkatBergerak\LangkahPeduliNew\system\Boot.php(363): CodeIgniter\CodeIgniter->run()
#10 C:\Users\mumpu\IdeaProjects\PemrogramanPerangkatBergerak\LangkahPeduliNew\system\Boot.php(68): CodeIgniter\Boot::runCodeIgniter(Object(CodeIgniter\CodeIgniter))
#11 C:\Users\mumpu\IdeaProjects\PemrogramanPerangkatBergerak\LangkahPeduliNew\public\index.php(59): CodeIgniter\Boot::bootWeb(Object(Config\Paths))
#12 C:\Users\mumpu\IdeaProjects\PemrogramanPerangkatBergerak\LangkahPeduliNew\system\rewrite.php(44): require_once('C:\\Users\\mumpu\\...')
#13 {main}
CRITICAL - 2025-11-17 16:44:03 --> CodeIgniter\Database\Exceptions\DatabaseException: Unable to connect to the database.
Main connection [MySQLi]: No connection could be made because the target machine actively refused it
[Method: POST, Route: login/process]
in SYSTEMPATH\Database\BaseConnection.php on line 465.
 1 SYSTEMPATH\Database\BaseConnection.php(614): CodeIgniter\Database\BaseConnection->initialize()
 2 SYSTEMPATH\Database\BaseBuilder.php(1649): CodeIgniter\Database\BaseConnection->query('SELECT *
FROM `users`
WHERE `username` = :username:
OR `email` = :email:
 LIMIT 1', [...], false)
 3 SYSTEMPATH\Model.php(330): CodeIgniter\Database\BaseBuilder->get()
 4 SYSTEMPATH\BaseModel.php(715): CodeIgniter\Model->doFirst()
 5 APPPATH\Controllers\Auth.php(65): CodeIgniter\BaseModel->first()
 6 SYSTEMPATH\CodeIgniter.php(933): App\Controllers\Auth->processLogin()
 7 SYSTEMPATH\CodeIgniter.php(507): CodeIgniter\CodeIgniter->runController(Object(App\Controllers\Auth))
 8 SYSTEMPATH\CodeIgniter.php(354): CodeIgniter\CodeIgniter->handleRequest(null, Object(Config\Cache), false)
 9 SYSTEMPATH\Boot.php(363): CodeIgniter\CodeIgniter->run()
10 SYSTEMPATH\Boot.php(68): CodeIgniter\Boot::runCodeIgniter(Object(CodeIgniter\CodeIgniter))
11 FCPATH\index.php(59): CodeIgniter\Boot::bootWeb(Object(Config\Paths))
12 SYSTEMPATH\rewrite.php(44): require_once('C:\\Users\\mumpu\\IdeaProjects\\PemrogramanPerangkatBergerak\\LangkahPeduliNew\\public\\index.php')
DEBUG - 2025-11-17 16:44:26 --> Session: Class initialized using 'CodeIgniter\Session\Handlers\FileHandler' driver.
DEBUG - 2025-11-17 16:44:26 --> Session: Class initialized using 'CodeIgniter\Session\Handlers\FileHandler' driver.
DEBUG - 2025-11-17 16:44:33 --> Session: Class initialized using 'CodeIgniter\Session\Handlers\FileHandler' driver.
ERROR - 2025-11-17 16:45:04 --> Error connecting to the database: mysqli_sql_exception: No connection could be made because the target machine actively refused it in C:\Users\mumpu\IdeaProjects\PemrogramanPerangkatBergerak\LangkahPeduliNew\system\Database\MySQLi\Connection.php:201
Stack trace:
#0 C:\Users\mumpu\IdeaProjects\PemrogramanPerangkatBergerak\LangkahPeduliNew\system\Database\MySQLi\Connection.php(201): mysqli->real_connect('localhost', 'root', Object(SensitiveParameterValue), 'newlangkah', 3306, '', 0)
#1 C:\Users\mumpu\IdeaProjects\PemrogramanPerangkatBergerak\LangkahPeduliNew\system\Database\BaseConnection.php(419): CodeIgniter\Database\MySQLi\Connection->connect(false)
#2 C:\Users\mumpu\IdeaProjects\PemrogramanPerangkatBergerak\LangkahPeduliNew\system\Database\BaseConnection.php(614): CodeIgniter\Database\BaseConnection->initialize()
#3 C:\Users\mumpu\IdeaProjects\PemrogramanPerangkatBergerak\LangkahPeduliNew\system\Database\BaseBuilder.php(1649): CodeIgniter\Database\BaseConnection->query('SELECT *\nFROM `...', Array, false)
#4 C:\Users\mumpu\IdeaProjects\PemrogramanPerangkatBergerak\LangkahPeduliNew\system\Model.php(330): CodeIgniter\Database\BaseBuilder->get()
#5 C:\Users\mumpu\IdeaProjects\PemrogramanPerangkatBergerak\LangkahPeduliNew\system\BaseModel.php(715): CodeIgniter\Model->doFirst()
#6 C:\Users\mumpu\IdeaProjects\PemrogramanPerangkatBergerak\LangkahPeduliNew\app\Controllers\Auth.php(30): CodeIgniter\BaseModel->first()
#7 C:\Users\mumpu\IdeaProjects\PemrogramanPerangkatBergerak\LangkahPeduliNew\system\CodeIgniter.php(933): App\Controllers\Auth->saveRegister()
#8 C:\Users\mumpu\IdeaProjects\PemrogramanPerangkatBergerak\LangkahPeduliNew\system\CodeIgniter.php(507): CodeIgniter\CodeIgniter->runController(Object(App\Controllers\Auth))
#9 C:\Users\mumpu\IdeaProjects\PemrogramanPerangkatBergerak\LangkahPeduliNew\system\CodeIgniter.php(354): CodeIgniter\CodeIgniter->handleRequest(NULL, Object(Config\Cache), false)
#10 C:\Users\mumpu\IdeaProjects\PemrogramanPerangkatBergerak\LangkahPeduliNew\system\Boot.php(363): CodeIgniter\CodeIgniter->run()
#11 C:\Users\mumpu\IdeaProjects\PemrogramanPerangkatBergerak\LangkahPeduliNew\system\Boot.php(68): CodeIgniter\Boot::runCodeIgniter(Object(CodeIgniter\CodeIgniter))
#12 C:\Users\mumpu\IdeaProjects\PemrogramanPerangkatBergerak\LangkahPeduliNew\public\index.php(59): CodeIgniter\Boot::bootWeb(Object(Config\Paths))
#13 C:\Users\mumpu\IdeaProjects\PemrogramanPerangkatBergerak\LangkahPeduliNew\system\rewrite.php(44): require_once('C:\\Users\\mumpu\\...')
#14 {main}

Next CodeIgniter\Database\Exceptions\DatabaseException: No connection could be made because the target machine actively refused it in C:\Users\mumpu\IdeaProjects\PemrogramanPerangkatBergerak\LangkahPeduliNew\system\Database\MySQLi\Connection.php:246
Stack trace:
#0 C:\Users\mumpu\IdeaProjects\PemrogramanPerangkatBergerak\LangkahPeduliNew\system\Database\BaseConnection.php(419): CodeIgniter\Database\MySQLi\Connection->connect(false)
#1 C:\Users\mumpu\IdeaProjects\PemrogramanPerangkatBergerak\LangkahPeduliNew\system\Database\BaseConnection.php(614): CodeIgniter\Database\BaseConnection->initialize()
#2 C:\Users\mumpu\IdeaProjects\PemrogramanPerangkatBergerak\LangkahPeduliNew\system\Database\BaseBuilder.php(1649): CodeIgniter\Database\BaseConnection->query('SELECT *\nFROM `...', Array, false)
#3 C:\Users\mumpu\IdeaProjects\PemrogramanPerangkatBergerak\LangkahPeduliNew\system\Model.php(330): CodeIgniter\Database\BaseBuilder->get()
#4 C:\Users\mumpu\IdeaProjects\PemrogramanPerangkatBergerak\LangkahPeduliNew\system\BaseModel.php(715): CodeIgniter\Model->doFirst()
#5 C:\Users\mumpu\IdeaProjects\PemrogramanPerangkatBergerak\LangkahPeduliNew\app\Controllers\Auth.php(30): CodeIgniter\BaseModel->first()
#6 C:\Users\mumpu\IdeaProjects\PemrogramanPerangkatBergerak\LangkahPeduliNew\system\CodeIgniter.php(933): App\Controllers\Auth->saveRegister()
#7 C:\Users\mumpu\IdeaProjects\PemrogramanPerangkatBergerak\LangkahPeduliNew\system\CodeIgniter.php(507): CodeIgniter\CodeIgniter->runController(Object(App\Controllers\Auth))
#8 C:\Users\mumpu\IdeaProjects\PemrogramanPerangkatBergerak\LangkahPeduliNew\system\CodeIgniter.php(354): CodeIgniter\CodeIgniter->handleRequest(NULL, Object(Config\Cache), false)
#9 C:\Users\mumpu\IdeaProjects\PemrogramanPerangkatBergerak\LangkahPeduliNew\system\Boot.php(363): CodeIgniter\CodeIgniter->run()
#10 C:\Users\mumpu\IdeaProjects\PemrogramanPerangkatBergerak\LangkahPeduliNew\system\Boot.php(68): CodeIgniter\Boot::runCodeIgniter(Object(CodeIgniter\CodeIgniter))
#11 C:\Users\mumpu\IdeaProjects\PemrogramanPerangkatBergerak\LangkahPeduliNew\public\index.php(59): CodeIgniter\Boot::bootWeb(Object(Config\Paths))
#12 C:\Users\mumpu\IdeaProjects\PemrogramanPerangkatBergerak\LangkahPeduliNew\system\rewrite.php(44): require_once('C:\\Users\\mumpu\\...')
#13 {main}
CRITICAL - 2025-11-17 16:45:04 --> CodeIgniter\Database\Exceptions\DatabaseException: Unable to connect to the database.
Main connection [MySQLi]: No connection could be made because the target machine actively refused it
[Method: POST, Route: register/save]
in SYSTEMPATH\Database\BaseConnection.php on line 465.
 1 SYSTEMPATH\Database\BaseConnection.php(614): CodeIgniter\Database\BaseConnection->initialize()
 2 SYSTEMPATH\Database\BaseBuilder.php(1649): CodeIgniter\Database\BaseConnection->query('SELECT *
FROM `users`
WHERE `email` = :email:
OR `username` = :username:
 LIMIT 1', [...], false)
 3 SYSTEMPATH\Model.php(330): CodeIgniter\Database\BaseBuilder->get()
 4 SYSTEMPATH\BaseModel.php(715): CodeIgniter\Model->doFirst()
 5 APPPATH\Controllers\Auth.php(30): CodeIgniter\BaseModel->first()
 6 SYSTEMPATH\CodeIgniter.php(933): App\Controllers\Auth->saveRegister()
 7 SYSTEMPATH\CodeIgniter.php(507): CodeIgniter\CodeIgniter->runController(Object(App\Controllers\Auth))
 8 SYSTEMPATH\CodeIgniter.php(354): CodeIgniter\CodeIgniter->handleRequest(null, Object(Config\Cache), false)
 9 SYSTEMPATH\Boot.php(363): CodeIgniter\CodeIgniter->run()
10 SYSTEMPATH\Boot.php(68): CodeIgniter\Boot::runCodeIgniter(Object(CodeIgniter\CodeIgniter))
11 FCPATH\index.php(59): CodeIgniter\Boot::bootWeb(Object(Config\Paths))
12 SYSTEMPATH\rewrite.php(44): require_once('C:\\Users\\mumpu\\IdeaProjects\\PemrogramanPerangkatBergerak\\LangkahPeduliNew\\public\\index.php')
DEBUG - 2025-11-17 16:47:39 --> Session: Class initialized using 'CodeIgniter\Session\Handlers\FileHandler' driver.
DEBUG - 2025-11-17 16:47:47 --> Session: Class initialized using 'CodeIgniter\Session\Handlers\FileHandler' driver.
DEBUG - 2025-11-17 16:47:47 --> Session: Class initialized using 'CodeIgniter\Session\Handlers\FileHandler' driver.
DEBUG - 2025-11-17 16:47:47 --> Session: Class initialized using 'CodeIgniter\Session\Handlers\FileHandler' driver.
DEBUG - 2025-11-17 16:47:55 --> Session: Class initialized using 'CodeIgniter\Session\Handlers\FileHandler' driver.
DEBUG - 2025-11-17 16:48:27 --> Session: Class initialized using 'CodeIgniter\Session\Handlers\FileHandler' driver.
DEBUG - 2025-11-17 16:48:38 --> Session: Class initialized using 'CodeIgniter\Session\Handlers\FileHandler' driver.
DEBUG - 2025-11-17 16:48:38 --> Session: Class initialized using 'CodeIgniter\Session\Handlers\FileHandler' driver.
DEBUG - 2025-11-17 16:48:44 --> Session: Class initialized using 'CodeIgniter\Session\Handlers\FileHandler' driver.
DEBUG - 2025-11-17 16:48:55 --> Session: Class initialized using 'CodeIgniter\Session\Handlers\FileHandler' driver.
DEBUG - 2025-11-17 16:48:55 --> Session: Class initialized using 'CodeIgniter\Session\Handlers\FileHandler' driver.
DEBUG - 2025-11-17 16:49:07 --> Session: Class initialized using 'CodeIgniter\Session\Handlers\FileHandler' driver.
DEBUG - 2025-11-17 16:49:07 --> Session: Class initialized using 'CodeIgniter\Session\Handlers\FileHandler' driver.
DEBUG - 2025-11-17 16:49:11 --> Session: Class initialized using 'CodeIgniter\Session\Handlers\FileHandler' driver.
DEBUG - 2025-11-17 16:51:13 --> Session: Class initialized using 'CodeIgniter\Session\Handlers\FileHandler' driver.
DEBUG - 2025-11-17 16:51:29 --> Session: Class initialized using 'CodeIgniter\Session\Handlers\FileHandler' driver.
DEBUG - 2025-11-17 16:51:29 --> Session: Class initialized using 'CodeIgniter\Session\Handlers\FileHandler' driver.
